{"numFailedTestSuites":1,"numFailedTests":0,"numPassedTestSuites":0,"numPassedTests":0,"numPendingTestSuites":0,"numPendingTests":0,"numRuntimeErrorTestSuites":1,"numTodoTests":0,"numTotalTestSuites":1,"numTotalTests":0,"openHandles":[],"snapshot":{"added":0,"didUpdate":false,"failure":false,"filesAdded":0,"filesRemoved":0,"filesRemovedList":[],"filesUnmatched":0,"filesUpdated":0,"matched":0,"total":0,"unchecked":0,"uncheckedKeysByFile":[],"unmatched":0,"updated":0},"startTime":1767973816447,"success":false,"testResults":[{"assertionResults":[],"coverage":{},"endTime":1767973817086,"message":"  \u001b[1m● \u001b[22mTest suite failed to run\n\n      \u001b[31m×\u001b[0m Expected ';', '}' or <eof>\n        ╭─[\u001b[36;1;4mD:\\Boot Camp\\talenthub\\jest.setup.js:25:1\u001b[0m]\n     \u001b[2m22\u001b[0m │     })\n     \u001b[2m23\u001b[0m │     \n     \u001b[2m24\u001b[0m │     // Mock IntersectionObserver\n     \u001b[2m25\u001b[0m │ \u001b[35;1m╭\u001b[0m\u001b[35;1m─\u001b[0m\u001b[35;1m▶\u001b[0m global.IntersectionObserver = class IntersectionObserver {\n     \u001b[2m26\u001b[0m │ \u001b[35;1m│\u001b[0m     constructor() {}\n     \u001b[2m27\u001b[0m │ \u001b[35;1m│\u001b[0m     disconnect() {}\n     \u001b[2m28\u001b[0m │ \u001b[35;1m│\u001b[0m     observe() {}\n     \u001b[2m29\u001b[0m │ \u001b[35;1m│\u001b[0m     takeRecords() {\n     \u001b[2m30\u001b[0m │ \u001b[35;1m│\u001b[0m       return []\n     \u001b[2m31\u001b[0m │ \u001b[35;1m│\u001b[0m     }\n     \u001b[2m32\u001b[0m │ \u001b[35;1m│\u001b[0m     unobserve() {}\n     \u001b[2m33\u001b[0m │ \u001b[35;1m├\u001b[0m\u001b[35;1m─\u001b[0m\u001b[35;1m▶\u001b[0m } as any\n        · \u001b[35;1m╰\u001b[0m\u001b[35;1m───\u001b[0m\u001b[33;1m  ──\u001b[0m\n        · \u001b[35;1m╰\u001b[0m\u001b[35;1m───\u001b[0m\u001b[35;1m─\u001b[0m \u001b[35;1mThis is the expression part of an expression statement\u001b[0m\n     \u001b[2m34\u001b[0m │     \n     \u001b[2m35\u001b[0m │     // Suppress console errors in tests\n     \u001b[2m35\u001b[0m │     const originalError = console.error\r\n        ╰────\n\n\n    Caused by:\n        Syntax Error\n\n      \u001b[2mat Object.transformSync (\u001b[22mnode_modules/next/src/build/swc/index.ts\u001b[2m:1460:25)\u001b[22m\n      \u001b[2mat transformSync (\u001b[22mnode_modules/next/src/build/swc/index.ts\u001b[2m:1591:19)\u001b[22m\n      \u001b[2mat Object.process (\u001b[22mnode_modules/next/src/build/swc/jest-transformer.ts\u001b[2m:105:25)\u001b[22m\n      \u001b[2mat ScriptTransformer.transformSource (\u001b[22mnode_modules/@jest/transform/build/index.js\u001b[2m:422:31)\u001b[22m\n      \u001b[2mat ScriptTransformer._transformAndBuildScript (\u001b[22mnode_modules/@jest/transform/build/index.js\u001b[2m:519:40)\u001b[22m\n      \u001b[2mat ScriptTransformer.transform (\u001b[22mnode_modules/@jest/transform/build/index.js\u001b[2m:558:19)\u001b[22m\n","name":"D:\\Boot Camp\\talenthub\\__tests__\\lib\\auth.utils.test.ts","startTime":1767973817086,"status":"failed","summary":""}],"wasInterrupted":false}
