__tests__/e2e/subscriber-to-provider.test.ts(71,38): error TS1005: '>' expected.
__tests__/e2e/subscriber-to-provider.test.ts(102,38): error TS1005: '>' expected.
__tests__/e2e/subscriber-to-provider.test.ts(115,38): error TS1005: '>' expected.
__tests__/e2e/subscriber-to-provider.test.ts(129,38): error TS1005: '>' expected.
__tests__/e2e/subscriber-to-provider.test.ts(150,35): error TS1005: '>' expected.
__tests__/e2e/subscriber-to-provider.test.ts(172,35): error TS1005: '>' expected.
__tests__/e2e/subscriber-to-provider.test.ts(191,56): error TS1005: '>' expected.
__tests__/e2e/subscriber-to-provider.test.ts(198,37): error TS1005: '>' expected.
__tests__/e2e/subscriber-to-provider.test.ts(225,34): error TS1005: '>' expected.
__tests__/e2e/subscriber-to-provider.test.ts(235,34): error TS1005: '>' expected.
__tests__/e2e/subscriber-to-provider.test.ts(254,34): error TS1005: '>' expected.
__tests__/e2e/subscriber-to-provider.test.ts(275,30): error TS1005: '>' expected.
__tests__/e2e/subscriber-to-provider.test.ts(276,18): error TS1161: Unterminated regular expression literal.
__tests__/e2e/subscriber-to-provider.test.ts(287,30): error TS1005: '>' expected.
__tests__/e2e/subscriber-to-provider.test.ts(288,18): error TS1161: Unterminated regular expression literal.
__tests__/e2e/subscriber-to-provider.test.ts(305,30): error TS1005: '>' expected.
__tests__/e2e/subscriber-to-provider.test.ts(306,18): error TS1161: Unterminated regular expression literal.
__tests__/e2e/subscriber-to-provider.test.ts(319,30): error TS1005: '>' expected.
__tests__/e2e/subscriber-to-provider.test.ts(320,18): error TS1161: Unterminated regular expression literal.
__tests__/e2e/subscriber-to-provider.test.ts(439,30): error TS1005: '>' expected.
__tests__/e2e/subscriber-to-provider.test.ts(439,52): error TS1109: Expression expected.
__tests__/e2e/subscriber-to-provider.test.ts(439,53): error TS1109: Expression expected.
__tests__/e2e/subscriber-to-provider.test.ts(469,30): error TS1005: '>' expected.
__tests__/e2e/subscriber-to-provider.test.ts(469,52): error TS1109: Expression expected.
__tests__/e2e/subscriber-to-provider.test.ts(469,53): error TS1109: Expression expected.
__tests__/e2e/subscriber-to-provider.test.ts(512,30): error TS1005: '>' expected.
__tests__/e2e/subscriber-to-provider.test.ts(512,52): error TS1109: Expression expected.
__tests__/e2e/subscriber-to-provider.test.ts(512,53): error TS1109: Expression expected.
__tests__/e2e/subscriber-to-provider.test.ts(537,30): error TS1005: '>' expected.
__tests__/e2e/subscriber-to-provider.test.ts(537,52): error TS1109: Expression expected.
__tests__/e2e/subscriber-to-provider.test.ts(537,53): error TS1109: Expression expected.
__tests__/e2e/subscriber-to-provider.test.ts(557,30): error TS1005: '>' expected.
__tests__/e2e/subscriber-to-provider.test.ts(557,52): error TS1109: Expression expected.
__tests__/e2e/subscriber-to-provider.test.ts(557,53): error TS1109: Expression expected.
__tests__/e2e/subscriber-to-provider.test.ts(566,30): error TS1005: '>' expected.
__tests__/e2e/subscriber-to-provider.test.ts(566,52): error TS1109: Expression expected.
__tests__/e2e/subscriber-to-provider.test.ts(566,53): error TS1109: Expression expected.
__tests__/e2e/subscriber-to-provider.test.ts(606,30): error TS1005: '>' expected.
__tests__/e2e/subscriber-to-provider.test.ts(606,52): error TS1109: Expression expected.
__tests__/e2e/subscriber-to-provider.test.ts(606,53): error TS1109: Expression expected.
__tests__/e2e/subscriber-to-provider.test.ts(618,30): error TS1005: '>' expected.
__tests__/e2e/subscriber-to-provider.test.ts(618,51): error TS1005: ',' expected.
__tests__/e2e/subscriber-to-provider.test.ts(618,72): error TS1005: ',' expected.
__tests__/e2e/subscriber-to-provider.test.ts(618,98): error TS1109: Expression expected.
__tests__/e2e/subscriber-to-provider.test.ts(618,99): error TS1109: Expression expected.
__tests__/e2e/subscriber-to-provider.test.ts(633,30): error TS1005: '>' expected.
__tests__/e2e/subscriber-to-provider.test.ts(633,52): error TS1109: Expression expected.
__tests__/e2e/subscriber-to-provider.test.ts(633,53): error TS1109: Expression expected.
__tests__/e2e/subscriber-to-provider.test.ts(664,30): error TS1005: '>' expected.
__tests__/e2e/subscriber-to-provider.test.ts(664,52): error TS1109: Expression expected.
__tests__/e2e/subscriber-to-provider.test.ts(664,53): error TS1109: Expression expected.
__tests__/e2e/subscriber-to-provider.test.ts(693,34): error TS1005: '>' expected.
__tests__/e2e/subscriber-to-provider.test.ts(717,21): error TS1005: '>' expected.
__tests__/e2e/subscriber-to-provider.test.ts(717,27): error TS1005: ',' expected.
__tests__/e2e/subscriber-to-provider.test.ts(718,21): error TS1005: ',' expected.
__tests__/e2e/subscriber-to-provider.test.ts(719,21): error TS1005: ',' expected.
__tests__/e2e/subscriber-to-provider.test.ts(720,18): error TS1109: Expression expected.
__tests__/e2e/subscriber-to-provider.test.ts(721,13): error TS1109: Expression expected.
__tests__/e2e/subscriber-to-provider.test.ts(739,21): error TS1005: '>' expected.
__tests__/e2e/subscriber-to-provider.test.ts(739,27): error TS1005: ',' expected.
__tests__/e2e/subscriber-to-provider.test.ts(740,21): error TS1005: ',' expected.
__tests__/e2e/subscriber-to-provider.test.ts(741,21): error TS1005: ',' expected.
__tests__/e2e/subscriber-to-provider.test.ts(742,18): error TS1109: Expression expected.
__tests__/e2e/subscriber-to-provider.test.ts(743,13): error TS1109: Expression expected.

